[dotenv@17.3.1] injecting env (5) from .env -- tip: 🤖 agentic secret storage: https://dotenvx.com/as2
─── Environment ───────────────────────────────
  NODE_ENV     : development
  PORT         : 3000
  MONGODB_URI  : mongodb://localhost:…
  SESSION_SECRET: ✅ set
───────────────────────────────────────────────
C:\Users\Sandeep\OneDrive\Desktop\AgroFertMart\app.js:97
const sessionStore = MongoStore.create({
                                ^

TypeError: MongoStore.create is not a function
    at Object.<anonymous> (C:\Users\Sandeep\OneDrive\Desktop\AgroFertMart\app.js:97:33)
    at Module._compile (node:internal/modules/cjs/loader:1706:14)
    at Object..js (node:internal/modules/cjs/loader:1839:10)
    at Module.load (node:internal/modules/cjs/loader:1441:32)
    at Function._load (node:internal/modules/cjs/loader:1263:12)
    at TracingChannel.traceSync (node:diagnostics_channel:322:14)
    at wrapModuleLoad (node:internal/modules/cjs/loader:237:24)
    at Function.executeUserEntryPoint [as runMain] (node:internal/modules/run_main:171:5)
    at node:internal/main/run_main_module:36:49

Node.js v22.20.0
